<?xml version="1.0" encoding="UTF-8"?>
<testng-results ignored="0" total="1" passed="1" failed="0" skipped="0">
  <reporter-output>
  </reporter-output>
  <suite started-at="2023-09-20T19:54:58 EDT" name="Default suite" finished-at="2023-09-20T19:55:04 EDT" duration-ms="6221">
    <groups>
    </groups>
    <test started-at="2023-09-20T19:54:58 EDT" name="Default test" finished-at="2023-09-20T19:55:04 EDT" duration-ms="6221">
      <class name="com.acti.testcase.LoginPageTests">
        <test-method is-config="true" signature="setUP()[pri:0, instance:com.acti.testcase.LoginPageTests@1e0b4072]" started-at="2023-09-20T19:54:58 EDT" name="setUP" finished-at="2023-09-20T19:55:02 EDT" duration-ms="4214" status="PASS">
          <reporter-output>
          </reporter-output>
        </test-method> <!-- setUP -->
        <test-method signature="testLoginFunction()[pri:0, instance:com.acti.testcase.LoginPageTests@1e0b4072]" started-at="2023-09-20T19:55:02 EDT" name="testLoginFunction" finished-at="2023-09-20T19:55:04 EDT" duration-ms="1879" status="PASS">
          <reporter-output>
          </reporter-output>
        </test-method> <!-- testLoginFunction -->
        <test-method is-config="true" signature="tearDown()[pri:0, instance:com.acti.testcase.LoginPageTests@1e0b4072]" started-at="2023-09-20T19:55:04 EDT" name="tearDown" finished-at="2023-09-20T19:55:04 EDT" duration-ms="93" status="PASS">
          <reporter-output>
          </reporter-output>
        </test-method> <!-- tearDown -->
      </class> <!-- com.acti.testcase.LoginPageTests -->
    </test> <!-- Default test -->
  </suite> <!-- Default suite -->
</testng-results>
